<?xml version="1.0" encoding="UTF-8"?>
<!-- Generated by org.testng.reporters.JUnitReportReporter -->
<testsuite skipped="0" hostname="karusala" name="com.company.saf.test.DressesPgInStockLinksCntValidation" tests="1" failures="0" timestamp="01 Sep 2019 19:17:06 GMT" time="6.944" errors="0">
  <testcase name="clickWomensLink" time="6.944" classname="com.company.saf.test.DressesPgInStockLinksCntValidation"/>
</testsuite> <!-- com.company.saf.test.DressesPgInStockLinksCntValidation -->
